2019-05-08 04:07:03.301  INFO 3748 --- [main] c.w.w.WebClient3ApplicationTests         : Starting WebClient3ApplicationTests on DESKTOP-D0J0TEI with PID 3748 (started by BePro in C:\Users\BePro\Desktop\webClient3)
2019-05-08 04:07:03.301  INFO 3748 --- [main] c.w.w.WebClient3ApplicationTests         : No active profile set, falling back to default profiles: default
2019-05-08 04:07:03.422 DEBUG 3748 --- [main] o.s.w.c.s.GenericWebApplicationContext   : Refreshing org.springframework.web.context.support.GenericWebApplicationContext@19ae6bb
2019-05-08 04:07:08.701 DEBUG 3748 --- [main] o.s.w.s.handler.SimpleUrlHandlerMapping  : Patterns [/**/favicon.ico] in 'faviconHandlerMapping'
2019-05-08 04:07:09.600  INFO 3748 --- [main] o.s.s.concurrent.ThreadPoolTaskExecutor  : Initializing ExecutorService 'applicationTaskExecutor'
2019-05-08 04:07:09.647 DEBUG 3748 --- [main] s.w.s.m.m.a.RequestMappingHandlerAdapter : ControllerAdvice beans: 0 @ModelAttribute, 0 @InitBinder, 1 RequestBodyAdvice, 1 ResponseBodyAdvice
2019-05-08 04:07:09.944 DEBUG 3748 --- [main] s.w.s.m.m.a.RequestMappingHandlerMapping : 4 mappings in 'requestMappingHandlerMapping'
2019-05-08 04:07:09.992 DEBUG 3748 --- [main] o.s.w.s.handler.SimpleUrlHandlerMapping  : Patterns [/webjars/**, /**] in 'resourceHandlerMapping'
2019-05-08 04:07:10.039 DEBUG 3748 --- [main] .m.m.a.ExceptionHandlerExceptionResolver : ControllerAdvice beans: 0 @ExceptionHandler, 1 ResponseBodyAdvice
2019-05-08 04:07:11.539  INFO 3748 --- [main] o.s.b.a.e.web.EndpointLinksResolver      : Exposing 2 endpoint(s) beneath base path '/actuator'
2019-05-08 04:07:11.698  INFO 3748 --- [main] c.w.w.WebClient3ApplicationTests         : Started WebClient3ApplicationTests in 9.428 seconds (JVM running for 11.869)
2019-05-08 04:07:13.471 DEBUG 3748 --- [Thread-2] o.s.w.c.s.GenericWebApplicationContext   : Closing org.springframework.web.context.support.GenericWebApplicationContext@19ae6bb, started on Wed May 08 04:07:03 ICT 2019
2019-05-08 04:07:13.471  INFO 3748 --- [Thread-2] o.s.s.concurrent.ThreadPoolTaskExecutor  : Shutting down ExecutorService 'applicationTaskExecutor'
2019-05-08 12:31:31.739  INFO 8220 --- [restartedMain] com.webClient3.WebClient3Application     : Starting WebClient3Application on DESKTOP-D0J0TEI with PID 8220 (C:\Users\BePro\Desktop\webClient3\target\classes started by BePro in C:\Users\BePro\Desktop\webClient3)
2019-05-08 12:31:31.745  INFO 8220 --- [restartedMain] com.webClient3.WebClient3Application     : No active profile set, falling back to default profiles: default
2019-05-08 12:31:31.906  INFO 8220 --- [restartedMain] .e.DevToolsPropertyDefaultsPostProcessor : Devtools property defaults active! Set 'spring.devtools.add-properties' to 'false' to disable
2019-05-08 12:31:31.907  INFO 8220 --- [restartedMain] .e.DevToolsPropertyDefaultsPostProcessor : For additional web related logging consider setting the 'logging.level.web' property to 'DEBUG'
2019-05-08 12:31:35.507  INFO 8220 --- [restartedMain] o.s.b.w.embedded.tomcat.TomcatWebServer  : Tomcat initialized with port(s): 8080 (http)
2019-05-08 12:31:35.559  INFO 8220 --- [restartedMain] o.apache.catalina.core.StandardService   : Starting service [Tomcat]
2019-05-08 12:31:35.560  INFO 8220 --- [restartedMain] org.apache.catalina.core.StandardEngine  : Starting Servlet engine: [Apache Tomcat/9.0.17]
2019-05-08 12:31:36.056  INFO 8220 --- [restartedMain] org.apache.jasper.servlet.TldScanner     : At least one JAR was scanned for TLDs yet contained no TLDs. Enable debug logging for this logger for a complete list of JARs that were scanned but no TLDs were found in them. Skipping unneeded JARs during scanning can improve startup time and JSP compilation time.
2019-05-08 12:31:36.076  INFO 8220 --- [restartedMain] o.a.c.c.C.[Tomcat].[localhost].[/]       : Initializing Spring embedded WebApplicationContext
2019-05-08 12:31:36.076 DEBUG 8220 --- [restartedMain] o.s.web.context.ContextLoader            : Published root WebApplicationContext as ServletContext attribute with name [org.springframework.web.context.WebApplicationContext.ROOT]
2019-05-08 12:31:36.077  INFO 8220 --- [restartedMain] o.s.web.context.ContextLoader            : Root WebApplicationContext: initialization completed in 4170 ms
2019-05-08 12:31:36.878 DEBUG 8220 --- [restartedMain] o.s.w.s.handler.SimpleUrlHandlerMapping  : Patterns [/**/favicon.ico] in 'faviconHandlerMapping'
2019-05-08 12:31:37.081  INFO 8220 --- [restartedMain] o.s.s.concurrent.ThreadPoolTaskExecutor  : Initializing ExecutorService 'applicationTaskExecutor'
2019-05-08 12:31:37.100 DEBUG 8220 --- [restartedMain] s.w.s.m.m.a.RequestMappingHandlerAdapter : ControllerAdvice beans: 0 @ModelAttribute, 0 @InitBinder, 1 RequestBodyAdvice, 1 ResponseBodyAdvice
2019-05-08 12:31:37.199 DEBUG 8220 --- [restartedMain] s.w.s.m.m.a.RequestMappingHandlerMapping : 5 mappings in 'requestMappingHandlerMapping'
2019-05-08 12:31:37.228 DEBUG 8220 --- [restartedMain] o.s.w.s.handler.SimpleUrlHandlerMapping  : Patterns [/webjars/**, /**] in 'resourceHandlerMapping'
2019-05-08 12:31:37.244 DEBUG 8220 --- [restartedMain] .m.m.a.ExceptionHandlerExceptionResolver : ControllerAdvice beans: 0 @ExceptionHandler, 1 ResponseBodyAdvice
2019-05-08 12:31:37.662  INFO 8220 --- [restartedMain] o.s.b.d.a.OptionalLiveReloadServer       : LiveReload server is running on port 35729
2019-05-08 12:31:37.678  INFO 8220 --- [restartedMain] o.s.b.a.e.web.EndpointLinksResolver      : Exposing 2 endpoint(s) beneath base path '/actuator'
2019-05-08 12:31:37.839  INFO 8220 --- [restartedMain] o.s.b.w.embedded.tomcat.TomcatWebServer  : Tomcat started on port(s): 8080 (http) with context path ''
2019-05-08 12:31:37.848  INFO 8220 --- [restartedMain] com.webClient3.WebClient3Application     : Started WebClient3Application in 6.878 seconds (JVM running for 7.627)
2019-05-08 12:33:18.647  INFO 8220 --- [http-nio-8080-exec-1] o.a.c.c.C.[Tomcat].[localhost].[/]       : Initializing Spring DispatcherServlet 'dispatcherServlet'
2019-05-08 12:33:18.650  INFO 8220 --- [http-nio-8080-exec-1] o.s.web.servlet.DispatcherServlet        : Initializing Servlet 'dispatcherServlet'
2019-05-08 12:33:18.651 DEBUG 8220 --- [http-nio-8080-exec-1] o.s.web.servlet.DispatcherServlet        : Detected StandardServletMultipartResolver
2019-05-08 12:33:18.671 DEBUG 8220 --- [http-nio-8080-exec-1] o.s.web.servlet.DispatcherServlet        : enableLoggingRequestDetails='false': request parameters and headers will be masked to prevent unsafe logging of potentially sensitive data
2019-05-08 12:33:18.671  INFO 8220 --- [http-nio-8080-exec-1] o.s.web.servlet.DispatcherServlet        : Completed initialization in 20 ms
2019-05-08 12:33:18.720 DEBUG 8220 --- [http-nio-8080-exec-1] o.s.web.servlet.DispatcherServlet        : POST "/login", parameters={}
2019-05-08 12:33:18.739 DEBUG 8220 --- [http-nio-8080-exec-1] o.s.w.s.handler.SimpleUrlHandlerMapping  : Mapped to ResourceHttpRequestHandler ["classpath:/META-INF/resources/", "classpath:/resources/", "classpath:/static/", "classpath:/public/", "/"]
2019-05-08 12:33:18.747 DEBUG 8220 --- [http-nio-8080-exec-1] o.s.w.s.r.ResourceHttpRequestHandler     : Resource not found
2019-05-08 12:33:18.748 DEBUG 8220 --- [http-nio-8080-exec-1] o.s.web.servlet.DispatcherServlet        : Completed 404 NOT_FOUND
2019-05-08 12:33:18.774 DEBUG 8220 --- [http-nio-8080-exec-1] o.s.web.servlet.DispatcherServlet        : "ERROR" dispatch for POST "/error", parameters={}
2019-05-08 12:33:18.814 DEBUG 8220 --- [http-nio-8080-exec-1] s.w.s.m.m.a.RequestMappingHandlerMapping : Mapped to public org.springframework.http.ResponseEntity<java.util.Map<java.lang.String, java.lang.Object>> org.springframework.boot.autoconfigure.web.servlet.error.BasicErrorController.error(javax.servlet.http.HttpServletRequest)
2019-05-08 12:33:18.869 DEBUG 8220 --- [http-nio-8080-exec-1] o.s.w.s.m.m.a.HttpEntityMethodProcessor  : Using 'application/json', given [text/plain, application/json, application/*+json, */*] and supported [application/json, application/*+json, application/json, application/*+json]
2019-05-08 12:33:18.871 DEBUG 8220 --- [http-nio-8080-exec-1] o.s.w.s.m.m.a.HttpEntityMethodProcessor  : Writing [{timestamp=Wed May 08 12:33:18 ICT 2019, status=404, error=Not Found, message=No message available,  (truncated)...]
2019-05-08 12:33:18.910 DEBUG 8220 --- [http-nio-8080-exec-1] o.s.web.servlet.DispatcherServlet        : Exiting from "ERROR" dispatch, status 404
2019-05-08 12:33:33.462 DEBUG 8220 --- [http-nio-8080-exec-3] o.s.web.servlet.DispatcherServlet        : POST "/login", parameters={}
2019-05-08 12:33:33.466 DEBUG 8220 --- [http-nio-8080-exec-3] o.s.w.s.handler.SimpleUrlHandlerMapping  : Mapped to ResourceHttpRequestHandler ["classpath:/META-INF/resources/", "classpath:/resources/", "classpath:/static/", "classpath:/public/", "/"]
2019-05-08 12:33:33.499 DEBUG 8220 --- [http-nio-8080-exec-3] o.s.w.s.r.ResourceHttpRequestHandler     : Resource not found
2019-05-08 12:33:33.501 DEBUG 8220 --- [http-nio-8080-exec-3] o.s.web.servlet.DispatcherServlet        : Completed 404 NOT_FOUND
2019-05-08 12:33:33.502 DEBUG 8220 --- [http-nio-8080-exec-3] o.s.web.servlet.DispatcherServlet        : "ERROR" dispatch for POST "/error", parameters={}
2019-05-08 12:33:33.507 DEBUG 8220 --- [http-nio-8080-exec-3] s.w.s.m.m.a.RequestMappingHandlerMapping : Mapped to public org.springframework.http.ResponseEntity<java.util.Map<java.lang.String, java.lang.Object>> org.springframework.boot.autoconfigure.web.servlet.error.BasicErrorController.error(javax.servlet.http.HttpServletRequest)
2019-05-08 12:33:33.509 DEBUG 8220 --- [http-nio-8080-exec-3] o.s.w.s.m.m.a.HttpEntityMethodProcessor  : Using 'application/json', given [text/plain, application/json, application/*+json, */*] and supported [application/json, application/*+json, application/json, application/*+json]
2019-05-08 12:33:33.509 DEBUG 8220 --- [http-nio-8080-exec-3] o.s.w.s.m.m.a.HttpEntityMethodProcessor  : Writing [{timestamp=Wed May 08 12:33:33 ICT 2019, status=404, error=Not Found, message=No message available,  (truncated)...]
2019-05-08 12:33:33.512 DEBUG 8220 --- [http-nio-8080-exec-3] o.s.web.servlet.DispatcherServlet        : Exiting from "ERROR" dispatch, status 404
2019-05-08 17:28:00.476  INFO 5080 --- [main] c.w.w.WebClient3ApplicationTests         : Starting WebClient3ApplicationTests on DESKTOP-D0J0TEI with PID 5080 (started by BePro in C:\Users\BePro\Desktop\webClient3)
2019-05-08 17:28:00.507  INFO 5080 --- [main] c.w.w.WebClient3ApplicationTests         : No active profile set, falling back to default profiles: default
2019-05-08 17:28:00.694 DEBUG 5080 --- [main] o.s.w.c.s.GenericWebApplicationContext   : Refreshing org.springframework.web.context.support.GenericWebApplicationContext@2eced48b
2019-05-08 17:28:05.938 DEBUG 5080 --- [main] o.s.w.s.handler.SimpleUrlHandlerMapping  : Patterns [/**/favicon.ico] in 'faviconHandlerMapping'
2019-05-08 17:28:07.312  INFO 5080 --- [main] o.s.s.concurrent.ThreadPoolTaskExecutor  : Initializing ExecutorService 'applicationTaskExecutor'
2019-05-08 17:28:07.685 DEBUG 5080 --- [main] s.w.s.m.m.a.RequestMappingHandlerAdapter : ControllerAdvice beans: 0 @ModelAttribute, 0 @InitBinder, 1 RequestBodyAdvice, 1 ResponseBodyAdvice
2019-05-08 17:28:07.958 DEBUG 5080 --- [main] s.w.s.m.m.a.RequestMappingHandlerMapping : 6 mappings in 'requestMappingHandlerMapping'
2019-05-08 17:28:08.092 DEBUG 5080 --- [main] o.s.w.s.handler.SimpleUrlHandlerMapping  : Patterns [/webjars/**, /**] in 'resourceHandlerMapping'
2019-05-08 17:28:08.136 DEBUG 5080 --- [main] .m.m.a.ExceptionHandlerExceptionResolver : ControllerAdvice beans: 0 @ExceptionHandler, 1 ResponseBodyAdvice
2019-05-08 17:28:09.805  INFO 5080 --- [main] o.s.b.a.e.web.EndpointLinksResolver      : Exposing 2 endpoint(s) beneath base path '/actuator'
2019-05-08 17:28:09.928  INFO 5080 --- [main] c.w.w.WebClient3ApplicationTests         : Started WebClient3ApplicationTests in 10.672 seconds (JVM running for 14.614)
2019-05-08 17:28:12.115 DEBUG 5080 --- [Thread-2] o.s.w.c.s.GenericWebApplicationContext   : Closing org.springframework.web.context.support.GenericWebApplicationContext@2eced48b, started on Wed May 08 17:28:00 ICT 2019
2019-05-08 17:28:12.122  INFO 5080 --- [Thread-2] o.s.s.concurrent.ThreadPoolTaskExecutor  : Shutting down ExecutorService 'applicationTaskExecutor'
